C51 COMPILER V9.54   MAIN                                                                  01/14/2016 10:45:29 PAGE 1   


C51 COMPILER V9.54, COMPILATION OF MODULE MAIN
OBJECT MODULE PLACED IN .\Objects\main.obj
COMPILER INVOKED BY: C:\Keil_v5\C51\BIN\C51.EXE main.c OPTIMIZE(8,SPEED) BROWSE DEBUG OBJECTEXTEND PRINT(.\Listings\main
                    -.lst) TABS(2) OBJECT(.\Objects\main.obj)

line level    source

   1          #include <reg51.h>
   2          #include "../lib/delay.h"
   3          #include "../lib/lcd.h"
   4          
   5          void main(void) {
   6   1        lcd_init(1, 2);
   7   1        lcd_display_string_at("Viet Nam", 2, 16);
   8   1        
   9   1        while(1) {
  10   2          delay_ms(500);
  11   2          lcd_cmd(0x18);
  12   2        }
  13   1      }
  14          
  15          void lcd_delay(const unsigned char type) {
  16   1        switch(type) {
  17   2          case 1:
  18   2            delay_ms(1);
  19   2            break;
  20   2          
  21   2          case 2:
  22   2            delay_ms(2);
  23   2            break;
  24   2          
  25   2          default:
  26   2            break;
  27   2        }
  28   1      }


MODULE INFORMATION:   STATIC OVERLAYABLE
   CODE SIZE        =     55    ----
   CONSTANT SIZE    =      9    ----
   XDATA SIZE       =   ----    ----
   PDATA SIZE       =   ----    ----
   DATA SIZE        =   ----    ----
   IDATA SIZE       =   ----    ----
   BIT SIZE         =   ----    ----
END OF MODULE INFORMATION.


C51 COMPILATION COMPLETE.  0 WARNING(S),  0 ERROR(S)
