C51 COMPILER V8.05a   MAIN                                                                 01/10/2016 21:12:20 PAGE 1   


C51 COMPILER V8.05a, COMPILATION OF MODULE MAIN
OBJECT MODULE PLACED IN main.OBJ
COMPILER INVOKED BY: C:\Keil\C51\BIN\C51.EXE main.c BROWSE DEBUG OBJECTEXTEND

line level    source

   1          #include <reg52.h>
   2          
   3          #define BASE            0xFC18
   4          #define BASE_HIGHT  0XFC
   5          #define BASE_LOW        0x18
   6          #define SECOND      0
   7          #define MINUTE      1
   8          #define HOUR            2
   9          #define DAY             3
  10          #define MONTH       4
  11          #define YEAR1       5
  12          #define YEAR2       6
  13          
  14          //variables
  15          unsigned char SEGMENTS[]        = {0xC0, 0xF9, 0xA4, 0xB0, 0x99, 0x92, 0x82, 0xF8, 0x80, 0x90};
  16          unsigned char date_time[]       = {0, 0, 0, 0, 0, 0, 0};
  17          bit flag_0;
  18          bit flag_1;
  19          bit flag_2;
  20          bit flag_3;
  21          bit flag_4;
  22          bit flag_5;
  23          bit flag_6;
  24          bit flag_7;
  25          bit flag_8;
  26          bit flag_9;
  27          bit flag_10;
  28          bit flag_11;
  29          bit flag_12;
  30          bit flag_13;
  31          unsigned int count=0;
  32          
  33          //functions
  34          void init();
  35          void setTimer();
  36          void update_led();
  37          
  38          void main(void) {
  39   1              
  40   1              IE              = 0x82;
  41   1          TMOD        = 0x01;
  42   1          
  43   1              init();
  44   1          
  45   1              setTimer();
  46   1              TR0 = 1;
  47   1              while (1);
  48   1      }
  49          
  50          void init() {
  51   1              flag_0 = 1;
  52   1              flag_1 = 0;
  53   1              flag_2 = 0;
  54   1              flag_3 = 0;
  55   1              flag_4 = 0;
C51 COMPILER V8.05a   MAIN                                                                 01/10/2016 21:12:20 PAGE 2   

  56   1              flag_5 = 0;
  57   1              flag_6 = 0;
  58   1              flag_7 = 0;
  59   1              flag_8 = 0;
  60   1              flag_9 = 0;
  61   1              flag_10 = 0;
  62   1              flag_11 = 0;
  63   1              flag_12 = 0;
  64   1              flag_13 = 0;
  65   1      }
  66          
  67          void setTimer() {
  68   1              TH0 = BASE_HIGHT;
  69   1              TL0 = BASE_LOW;
  70   1      }
  71          
  72          void timer0(void) interrupt 1 {
  73   1              setTimer();
  74   1              ++count;
  75   1              
  76   1              //second
  77   1              if (count == 1000) {
  78   2                      date_time[SECOND]++;
  79   2                      count = 0;
  80   2              }
  81   1              
  82   1              //minute
  83   1              if (date_time[SECOND]   == 60) {
  84   2                      ++date_time[MINUTE];
  85   2                      date_time[SECOND] = 0;
  86   2              }
  87   1              
  88   1              //hour
  89   1              if (date_time[MINUTE] == 60) {
  90   2                      ++date_time[HOUR];
  91   2                      date_time[MINUTE] = 0;
  92   2              }
  93   1              
  94   1              //day
  95   1              if (date_time[HOUR] == 24) {
  96   2                      ++date_time[DAY];
  97   2                      date_time[HOUR]         = 0;
  98   2              }
  99   1              
 100   1              //month
 101   1              if (date_time[DAY] == 30) {
 102   2                      ++date_time[MONTH];
 103   2                      date_time[DAY]          = 0;
 104   2              }
 105   1              
 106   1              //year
 107   1              if (date_time[MONTH] == 12) {
 108   2                      ++date_time[YEAR1];
 109   2                      date_time[MONTH]        = 0;
 110   2                      
 111   2                      if (date_time[YEAR1] == 100) {
 112   3                              date_time[YEAR1] = 0;
 113   3                              ++date_time[YEAR2];
 114   3                      }
 115   2              }
 116   1              
 117   1              update_led();
C51 COMPILER V8.05a   MAIN                                                                 01/10/2016 21:12:20 PAGE 3   

 118   1      }
 119                          
 120          void update_led() {
 121   1              unsigned char i=0, tmp=0;
 122   1              
 123   1              //second
 124   1              if (flag_0 == 1) {
 125   2                                      P2 = 0x01;
 126   2                                      P1 = 0x00;
 127   2                                      flag_0 = 0;
 128   2                                      flag_1 = 1;
 129   2                                      
 130   2                                      tmp = date_time[0];
 131   2                                      P0  = SEGMENTS[tmp%10];
 132   2                      
 133   2                      return;
 134   2              }
 135   1              
 136   1              if (flag_1 == 1) {
 137   2                                      P2 = 0x02;
 138   2                                      P1 = 0x00;
 139   2                                      flag_1 = 0;
 140   2                                      flag_2 = 1;
 141   2                                      
 142   2                                      tmp = date_time[0];
 143   2                                      P0  = SEGMENTS[tmp/10];
 144   2                      
 145   2                      return;
 146   2              }
 147   1              
 148   1              //minute
 149   1              if (flag_2 == 1) {
 150   2                                      P2 = 0x04;
 151   2                                      P1 = 0x00;
 152   2                                      flag_2 = 0;
 153   2                                      flag_3 = 1;
 154   2                                      
 155   2                                      tmp = date_time[1];
 156   2                                      P0  = SEGMENTS[tmp%10];
 157   2                      
 158   2                      return;
 159   2              }
 160   1              
 161   1              if (flag_3 == 1) {
 162   2                                      P2 = 0x08;
 163   2                                      P1 = 0x00;
 164   2                                      flag_3 = 0;
 165   2                                      flag_4 = 1;
 166   2                                      
 167   2                                      tmp = date_time[1];
 168   2                                      P0  = SEGMENTS[tmp/10];
 169   2                      
 170   2                      return;
 171   2              }
 172   1              
 173   1              //hour
 174   1              if (flag_4 == 1) {
 175   2                                      P2 = 0x10;
 176   2                                      P1 = 0x00;
 177   2                                      flag_4 = 0;
 178   2                                      flag_5 = 1;
 179   2                                      
C51 COMPILER V8.05a   MAIN                                                                 01/10/2016 21:12:20 PAGE 4   

 180   2                                      tmp = date_time[2];
 181   2                                      P0  = SEGMENTS[tmp%10];
 182   2                      
 183   2                      return;
 184   2              }
 185   1              
 186   1              if (flag_5 == 1) {
 187   2                                      P2 = 0x20;
 188   2                                      P1 = 0x00;
 189   2                                      flag_5 = 0;
 190   2                                      flag_6 = 1;
 191   2                                      
 192   2                                      tmp = date_time[2];
 193   2                                      P0  = SEGMENTS[tmp/10];
 194   2                      
 195   2                      return;
 196   2              }
 197   1              
 198   1              //day
 199   1              if (flag_6 == 1) {
 200   2                                      P2 = 0x40;
 201   2                                      P1 = 0x00;
 202   2                                      flag_6 = 0;
 203   2                                      flag_7 = 1;
 204   2                                      
 205   2                                      tmp = date_time[3];
 206   2                                      P0  = SEGMENTS[tmp%10];
 207   2                      
 208   2                      return;
 209   2              }
 210   1              
 211   1              if (flag_7 == 1) {
 212   2                                      P2 = 0x80;
 213   2                                      P1 = 0x00;
 214   2                                      flag_7 = 0;
 215   2                                      flag_8 = 1;
 216   2                                      
 217   2                                      tmp = date_time[3];
 218   2                                      P0  = SEGMENTS[tmp/10];
 219   2                      
 220   2                      return;
 221   2              }
 222   1              
 223   1              //month
 224   1              if (flag_8 == 1) {
 225   2                                      P2 = 0x00;
 226   2                                      P1 = 0x01;
 227   2                                      flag_8 = 0;
 228   2                                      flag_9 = 1;
 229   2                                      
 230   2                                      tmp = date_time[4];
 231   2                                      P0  = SEGMENTS[tmp%10];
 232   2      
 233   2                              return;
 234   2              }
 235   1              
 236   1              if (flag_9 == 1) {
 237   2                                      P2 = 0x00;
 238   2                                      P1 = 0x02;
 239   2                                      flag_9  = 0;
 240   2                                      flag_10 = 1;
 241   2                                      
C51 COMPILER V8.05a   MAIN                                                                 01/10/2016 21:12:20 PAGE 5   

 242   2                                      tmp = date_time[4];
 243   2                                      P0  = SEGMENTS[tmp/10];
 244   2      
 245   2                              return;
 246   2              }
 247   1              
 248   1              //year  
 249   1              if (flag_10 == 1) {
 250   2                                      P2 = 0x00;
 251   2                                      P1 = 0x04;
 252   2                                      flag_10 = 0;
 253   2                                      flag_11 = 1;
 254   2                                      
 255   2                                      tmp = date_time[5];
 256   2                                      P0  = SEGMENTS[tmp%10];
 257   2                      
 258   2                      return;
 259   2              }
 260   1              
 261   1              if (flag_11 == 1) {
 262   2                                      P2 = 0x00;
 263   2                                      P1 = 0x08;
 264   2                                      flag_11 = 0;
 265   2                                      flag_12 = 1;
 266   2                                      
 267   2                                      tmp = date_time[5];
 268   2                                      P0  = SEGMENTS[tmp/10];
 269   2                      
 270   2                      return;
 271   2              }
 272   1              
 273   1              if (flag_12 == 1) {
 274   2                                      P2 = 0x00;
 275   2                                      P1 = 0x10;
 276   2                                      flag_12 = 0;
 277   2                                      flag_13 = 1;
 278   2                                      
 279   2                                      tmp = date_time[6];
 280   2                                      P0  = SEGMENTS[tmp%10];
 281   2                      
 282   2                      return;
 283   2              }
 284   1              
 285   1              if (flag_13 == 1) {
 286   2                                      P2 = 0x00;
 287   2                                      P1 = 0x20;
 288   2                                      flag_13 = 0;
 289   2                                      flag_0 = 1;
 290   2                                      
 291   2                                      tmp = date_time[6];
 292   2                                      P0  = SEGMENTS[tmp/10];
 293   2                      
 294   2                      return;
 295   2              }
 296   1      }


MODULE INFORMATION:   STATIC OVERLAYABLE
   CODE SIZE        =    462    ----
   CONSTANT SIZE    =   ----    ----
   XDATA SIZE       =   ----    ----
   PDATA SIZE       =   ----    ----
C51 COMPILER V8.05a   MAIN                                                                 01/10/2016 21:12:20 PAGE 6   

   DATA SIZE        =     19       1
   IDATA SIZE       =   ----    ----
   BIT SIZE         =     14    ----
END OF MODULE INFORMATION.


C51 COMPILATION COMPLETE.  0 WARNING(S),  0 ERROR(S)
