C51 COMPILER V9.54   MAIN                                                                  01/14/2016 07:13:15 PAGE 1   


C51 COMPILER V9.54, COMPILATION OF MODULE MAIN
OBJECT MODULE PLACED IN .\Objects\main.obj
COMPILER INVOKED BY: C:\Keil_v5\C51\BIN\C51.EXE main.c OPTIMIZE(8,SPEED) BROWSE DEBUG OBJECTEXTEND PRINT(.\Listings\main
                    -.lst) TABS(2) OBJECT(.\Objects\main.obj)

line level    source

   1          #include <reg51.h>
   2          #include "../lib/delay.h"
   3          #include "../lib/IC74595.h"
   4          
   5          void main() {
   6   1        unsigned char i=0;
   7   1        unsigned char data_arr[2] = {0x80, 0x55}; 
   8   1        
   9   1        while (1) {
  10   2          for (i=0; i<2; ++i) {
  11   3            IC74595_data_transfer(data_arr[i]);
  12   3            delay_ms(1000);
  13   3          }
  14   2        }
  15   1        
  16   1      }
  17          
  18          


MODULE INFORMATION:   STATIC OVERLAYABLE
   CODE SIZE        =     51    ----
   CONSTANT SIZE    =      2    ----
   XDATA SIZE       =   ----    ----
   PDATA SIZE       =   ----    ----
   DATA SIZE        =   ----       3
   IDATA SIZE       =   ----    ----
   BIT SIZE         =   ----    ----
END OF MODULE INFORMATION.


C51 COMPILATION COMPLETE.  0 WARNING(S),  0 ERROR(S)
