C51 COMPILER V9.54   LCD                                                                   01/14/2016 04:40:59 PAGE 1   


C51 COMPILER V9.54, COMPILATION OF MODULE LCD
OBJECT MODULE PLACED IN .\lcd.obj
COMPILER INVOKED BY: C:\Keil_v5\C51\BIN\C51.EXE ..\lib\lcd.c OPTIMIZE(8,SPEED) BROWSE DEBUG OBJECTEXTEND PRINT(.\lcd.lst
                    -) TABS(2) OBJECT(.\lcd.obj)

line level    source

   1          #include <reg51.h>
   2          #include "lcd.h"
   3          #include "delay.h"
   4          #include "delay.c"
   5          
   6          extern bit  LCD_RS;
   7          extern bit  LCD_EN;
   8          extern data unsigned char LCD_DATA;
   9          
  10          void lcd_cmd(const unsigned char cmd) {
  11   1        LCD_RS   = 0;
  12   1        LCD_DATA = cmd;
  13   1        LCD_EN   = 0;
  14   1        LCD_EN   = 1;
  15   1        
  16   1        if (cmd == 0x01 || cmd == 0x02) {
  17   2          delay_ms(2);
  18   2        } else {
  19   2          delay_ms(1);
  20   2        }
  21   1      }
  22          
  23          void lcd_data(const unsigned char c) {
  24   1        LCD_RS   = 1;
  25   1        LCD_DATA = c;
  26   1        LCD_EN   = 0;
  27   1        LCD_EN   = 1;
  28   1        
  29   1        if (c == 0x01 || c == 0x02) {
  30   2          delay_ms(2);
  31   2        } else {
  32   2          delay_ms(1);
  33   2        }
  34   1      }
  35          
  36          void lcd_display_number(unsigned int number) {
  37   1        lcd_cmd(0x01);
  38   1        lcd_cmd(0x0C);
  39   1        
  40   1        if (number == 0) {
  41   2          lcd_data(number+0x30);
  42   2          return;
  43   2        }
  44   1        
  45   1        while (number != 0) {
  46   2          lcd_data((number%10)+0x30);
  47   2          number /= 10;
  48   2        }
  49   1      }
  50          
  51          void display_string_on_lcd(const unsigned char *str) {
  52   1        unsigned int i=0;
  53   1        
  54   1        while (str[i] != '\0') {
C51 COMPILER V9.54   LCD                                                                   01/14/2016 04:40:59 PAGE 2   

  55   2          lcd_data(str[i++]);
  56   2        }
  57   1      }


MODULE INFORMATION:   STATIC OVERLAYABLE
   CODE SIZE        =    228    ----
   CONSTANT SIZE    =   ----    ----
   XDATA SIZE       =   ----    ----
   PDATA SIZE       =   ----    ----
   DATA SIZE        =   ----       7
   IDATA SIZE       =   ----    ----
   BIT SIZE         =   ----    ----
END OF MODULE INFORMATION.


C51 COMPILATION COMPLETE.  0 WARNING(S),  0 ERROR(S)
