C51 COMPILER V9.54   KEYBOARD                                                              01/14/2016 03:27:16 PAGE 1   


C51 COMPILER V9.54, COMPILATION OF MODULE KEYBOARD
OBJECT MODULE PLACED IN .\Objects\keyboard.obj
COMPILER INVOKED BY: C:\Keil_v5\C51\BIN\C51.EXE ..\lib\keyboard.c OPTIMIZE(8,SPEED) BROWSE DEBUG OBJECTEXTEND PRINT(.\Li
                    -stings\keyboard.lst) TABS(2) OBJECT(.\Objects\keyboard.obj)

line level    source

   1          #include <reg51.h>
   2          #include "keyboard.h"
   3          
   4          struct KEYBOARD_CONTROL {
   5            unsigned char type;
   6          };
   7          
   8          /** 
   9           *  init external interrupt, keyboard row
  10          **/
  11          void keyboard_init(const unsigned char type) {
  12   1        keyboard_ctrl->type = type;
  13   1        keyboard_init_exec();
  14   1      }
  15          
  16          static void keyboard_init_exec() {
  17   1        // use external interrupt 0
  18   1        if (keyboard_ctrl->type == 0) {
  19   2          IE   = 0x81;
  20   2          IT0  = 1;
  21   2        } else {
  22   2          IE   = 0x84;
  23   2          IT1  = 1;
  24   2        }
  25   1        
  26   1        KEYBOARD_ROW1 = 0;
  27   1        KEYBOARD_ROW2 = 0;
  28   1        KEYBOARD_ROW3 = 0;
  29   1        KEYBOARD_ROW4 = 0;
  30   1      }
  31          
  32          /**
  33           *  keyboard scan init
  34           *    stop external interrupts to keyboard scan
  35           *    set KEYBOARD
  36          **/
  37          static void keyboard_scan_init() {
  38   1        IE        = 0x00;
  39   1        KEYBOARD  = 0xFF;
  40   1      }
  41          
  42          /**
  43           *  scan
  44          **/
  45          static unsigned char scan(const unsigned char row) {
  46   1        unsigned char col = 0;
  47   1        
  48   1        switch(row) {
  49   2          case 1:
  50   2            KEYBOARD_ROW1 = 0;
  51   2            break;
  52   2          
  53   2          case 2:
  54   2            KEYBOARD_ROW2 = 0;
C51 COMPILER V9.54   KEYBOARD                                                              01/14/2016 03:27:16 PAGE 2   

  55   2            break;
  56   2          
  57   2          case 3:
  58   2            KEYBOARD_ROW3 = 0;
  59   2            break;
  60   2          
  61   2          case 4:
  62   2            KEYBOARD_ROW4 = 0;
  63   2            break;
  64   2          
  65   2          default:
  66   2            break;
  67   2        }
  68   1        
  69   1        if (KEYBOARD_COL1 == 0) {
  70   2          col  = 1;
  71   2        } else if (KEYBOARD_COL2 == 0) {
  72   2          col  = 2;
  73   2        } else if (KEYBOARD_COL3 == 0) {
  74   2          col  = 3;
  75   2        } else if (KEYBOARD_COL4 == 0) {
  76   2          col  = 4;
  77   2        }
  78   1        
  79   1        if (col != 0) {
  80   2          return ((row-1)*4 + col);
  81   2        }
  82   1        
  83   1        return 0;
  84   1      }
  85          
  86          /**
  87           *  external interrupt 0 irs
  88          **/
  89          static void keyboard_external_interrupt0_isr(void) interrupt 0 {
  90   1        unsigned char i   = 0;
  91   1        unsigned char pos = 0, tmp=0;
  92   1        
  93   1        keyboard_scan_init();
  94   1        
  95   1        for (i=1; i<=4; ++i) {
  96   2          tmp = scan(i);
  97   2          if (tmp != 0) {
  98   3            break;
  99   3          }
 100   2        }
 101   1        if (tmp != 0) {
 102   2          pos = tmp;
 103   2          do_job(pos);
 104   2        }
 105   1        
 106   1        keyboard_init_exec();
 107   1      }
 108          
 109          /**
 110           *  external interrupt 1 irs
 111          **/
 112          static void keyboard_external_interrupt1_isr(void) interrupt 3 {
 113   1        unsigned char i   = 0;
 114   1        unsigned char pos = 0, tmp=0;
 115   1        
 116   1        keyboard_scan_init();
C51 COMPILER V9.54   KEYBOARD                                                              01/14/2016 03:27:16 PAGE 3   

 117   1        
 118   1        for (i=1; i<=4; ++i) {
 119   2          tmp = scan(i);
 120   2          if (tmp != 0) {
 121   3            break;
 122   3          }
 123   2        }
 124   1        if (tmp != 0) {
 125   2          pos = tmp;
 126   2          do_job(pos);
 127   2        }
 128   1        
 129   1        keyboard_init_exec();
 130   1      }


MODULE INFORMATION:   STATIC OVERLAYABLE
   CODE SIZE        =    294    ----
   CONSTANT SIZE    =   ----    ----
   XDATA SIZE       =   ----    ----
   PDATA SIZE       =   ----    ----
   DATA SIZE        =      3    ----
   IDATA SIZE       =   ----    ----
   BIT SIZE         =   ----    ----
END OF MODULE INFORMATION.


C51 COMPILATION COMPLETE.  0 WARNING(S),  0 ERROR(S)
