C51 COMPILER V9.54   LCD                                                                   01/12/2016 12:42:08 PAGE 1   


C51 COMPILER V9.54, COMPILATION OF MODULE LCD
OBJECT MODULE PLACED IN .\Objects\lcd.obj
COMPILER INVOKED BY: C:\Keil_v5\C51\BIN\C51.EXE ..\lib\lcd.c OPTIMIZE(8,SPEED) BROWSE DEBUG OBJECTEXTEND PRINT(.\Listing
                    -s\lcd.lst) TABS(2) OBJECT(.\Objects\lcd.obj)

line level    source

   1          #include <reg51.h>
   2          #include "lcd.h"
   3          #include "delay.h"
   4          #include "delay.c"
   5          
   6          sbit LCD_RS = P1^0;
   7          sbit LCD_EN = P1^1;
   8          
   9          void lcd_cmd(unsigned char cmd) {
  10   1        LCD_RS   = 0;
  11   1        P2       = cmd;
  12   1        LCD_EN   = 0;
  13   1        LCD_EN   = 1;
  14   1        
  15   1        if (cmd == 0x01 || cmd == 0x02) {
  16   2          delay_ms(2);
  17   2        } else {
  18   2          delay_ms(1);
  19   2        }
  20   1      }
  21          
  22          void lcd_data(unsigned char c) {
  23   1        LCD_RS   = 1;
  24   1        P2       = c;
  25   1        LCD_EN   = 0;
  26   1        LCD_EN   = 1;
  27   1        
  28   1        if (c == 0x01 || c == 0x02) {
  29   2          delay_ms(2);
  30   2        } else {
  31   2          delay_ms(1);
  32   2        }
  33   1      }
  34          
  35          void display_string_on_lcd(unsigned char *str) {
  36   1        unsigned long i;
  37   1        
  38   1        while (str[i] != '\0') {
  39   2          lcd_data(str[i++]);
  40   2        }
  41   1      }


MODULE INFORMATION:   STATIC OVERLAYABLE
   CODE SIZE        =    147    ----
   CONSTANT SIZE    =   ----    ----
   XDATA SIZE       =   ----    ----
   PDATA SIZE       =   ----    ----
   DATA SIZE        =   ----       7
   IDATA SIZE       =   ----    ----
   BIT SIZE         =   ----    ----
END OF MODULE INFORMATION.


C51 COMPILATION COMPLETE.  0 WARNING(S),  0 ERROR(S)
