C51 COMPILER V9.54   IC74573                                                               01/14/2016 08:00:37 PAGE 1   


C51 COMPILER V9.54, COMPILATION OF MODULE IC74573
OBJECT MODULE PLACED IN .\Objects\IC74573.obj
COMPILER INVOKED BY: C:\Keil_v5\C51\BIN\C51.EXE ..\lib\IC74573.c OPTIMIZE(8,SPEED) BROWSE DEBUG OBJECTEXTEND PRINT(.\Lis
                    -tings\IC74573.lst) TABS(2) OBJECT(.\Objects\IC74573.obj)

line level    source

   1          #include "IC74573.h"
   2          
   3          void IC74573_transfer_data(const unsigned char c, const unsigned char i) {
   4   1        IC74573_DATA = c;
   5   1        
   6   1        switch (i) {
   7   2          case 1:
   8   2            IC74573_LE1 = 0;
   9   2            break;
  10   2          
  11   2          case 2:
  12   2            IC74573_LE2 = 0;
  13   2            break;
  14   2          
  15   2          default:
  16   2            break;
  17   2        }
  18   1      }


MODULE INFORMATION:   STATIC OVERLAYABLE
   CODE SIZE        =     16    ----
   CONSTANT SIZE    =   ----    ----
   XDATA SIZE       =   ----    ----
   PDATA SIZE       =   ----    ----
   DATA SIZE        =   ----    ----
   IDATA SIZE       =   ----    ----
   BIT SIZE         =   ----    ----
END OF MODULE INFORMATION.


C51 COMPILATION COMPLETE.  0 WARNING(S),  0 ERROR(S)
