C51 COMPILER V9.54   MAIN                                                                  01/14/2016 08:23:24 PAGE 1   


C51 COMPILER V9.54, COMPILATION OF MODULE MAIN
OBJECT MODULE PLACED IN .\Objects\main.obj
COMPILER INVOKED BY: C:\Keil_v5\C51\BIN\C51.EXE main.c OPTIMIZE(8,SPEED) BROWSE DEBUG OBJECTEXTEND PRINT(.\Listings\main
                    -.lst) TABS(2) OBJECT(.\Objects\main.obj)

line level    source

   1          #include <reg51.h>
   2          #include "../lib/delay.h"
   3          #include "../lib/IC74573.h"
   4          
   5          void main() {
   6   1        unsigned char data_arr[2] = {0x80, 0x55};
   7   1        unsigned char i=0;
   8   1        
   9   1        for (i=0; i<2; ++i) {
  10   2          IC74573_transfer_data(data_arr[i], i+1);
  11   2          //delay_ms(1000);
  12   2        }
  13   1        
  14   1        while (1) {
  15   2          
  16   2        }
  17   1      }


MODULE INFORMATION:   STATIC OVERLAYABLE
   CODE SIZE        =     49    ----
   CONSTANT SIZE    =      2    ----
   XDATA SIZE       =   ----    ----
   PDATA SIZE       =   ----    ----
   DATA SIZE        =   ----       3
   IDATA SIZE       =   ----    ----
   BIT SIZE         =   ----    ----
END OF MODULE INFORMATION.


C51 COMPILATION COMPLETE.  0 WARNING(S),  0 ERROR(S)
