C51 COMPILER V8.05a   MAIN                                                                 01/12/2016 00:46:59 PAGE 1   


C51 COMPILER V8.05a, COMPILATION OF MODULE MAIN
OBJECT MODULE PLACED IN main.OBJ
COMPILER INVOKED BY: C:\Keil\C51\BIN\C51.EXE main.c BROWSE DEBUG OBJECTEXTEND

line level    source

   1          #include <reg51.h>
   2          #include "../lib/delay.h"
   3          
   4          sbit LED = P1^1;
   5          
   6          void main(void) {
   7   1          LED  = 1;
   8   1          while(1) {
   9   2              delay_ms(500);
  10   2              LED = ~LED;
  11   2          }           
  12   1      }


MODULE INFORMATION:   STATIC OVERLAYABLE
   CODE SIZE        =     13    ----
   CONSTANT SIZE    =   ----    ----
   XDATA SIZE       =   ----    ----
   PDATA SIZE       =   ----    ----
   DATA SIZE        =   ----    ----
   IDATA SIZE       =   ----    ----
   BIT SIZE         =   ----    ----
END OF MODULE INFORMATION.


C51 COMPILATION COMPLETE.  0 WARNING(S),  0 ERROR(S)
