C51 COMPILER V9.54   MAIN                                                                  01/12/2016 11:33:48 PAGE 1   


C51 COMPILER V9.54, COMPILATION OF MODULE MAIN
OBJECT MODULE PLACED IN .\Objects\main.obj
COMPILER INVOKED BY: C:\Keil_v5\C51\BIN\C51.EXE main.c OPTIMIZE(8,SPEED) BROWSE DEBUG OBJECTEXTEND PRINT(.\Listings\main
                    -.lst) TABS(2) OBJECT(.\Objects\main.obj)

line level    source

   1          #include <reg51.h>
   2          #include "../lib/delay.h"
   3          
   4          //declare variables
   5          sbit COL1 = P1^0;
   6          sbit COL2 = P1^1;
   7          sbit COL3 = P1^2;
   8          sbit COL4 = P1^3;
   9          sbit ROW1 = P1^4;
  10          sbit ROW2 = P1^5;
  11          sbit ROW3 = P1^6;
  12          sbit ROW4 = P1^7;
  13          
  14          sbit ctr1 = P3^0;
  15          sbit ctr2 = P3^1;
  16          bit  flag = 0;
  17          unsigned char SEGMENTS[]  = {0xC0, 0xF9, 0xA4, 0xB0, 0x99, 0x92, 0x82, 0xF8, 0x80, 0x90};
  18          
  19          //functions
  20          void seven_segment_display(unsigned char number);
  21          unsigned char scan(unsigned char row);
  22          
  23          void main(void) {
  24   1        unsigned char i   = 0;
  25   1        unsigned char pos = 0, tmp=0;
  26   1        
  27   1        while(1) {
  28   2          for (i=1; i<=4; ++i) {
  29   3            tmp = scan(i);
  30   3            if (tmp != 0) {
  31   4              break;
  32   4            }
  33   3          }
  34   2          if (tmp != 0) {
  35   3            pos = tmp;
  36   3          }
  37   2          
  38   2          seven_segment_display(pos);
  39   2        }
  40   1      }
  41          
  42          void seven_segment_display(unsigned char number) {
  43   1        if (flag == 0) {
  44   2          ctr1 = 0;
  45   2          P2   = SEGMENTS[number%10];
  46   2          delay_ms(1);
  47   2          
  48   2          flag = 1;
  49   2          ctr1 = 1;
  50   2        } else {
  51   2          ctr2 = 0;
  52   2          P2   = SEGMENTS[number/10];
  53   2          delay_ms(1);
  54   2          
C51 COMPILER V9.54   MAIN                                                                  01/12/2016 11:33:48 PAGE 2   

  55   2          flag = 0;
  56   2          ctr2 = 1;
  57   2        }
  58   1      }
  59          
  60          unsigned char scan(unsigned char row) {
  61   1        unsigned char col = 0;
  62   1        
  63   1        switch(row) {
  64   2          case 1:
  65   2            ROW1 = 0;
  66   2            break;
  67   2          
  68   2          case 2:
  69   2            ROW2 = 0;
  70   2            break;
  71   2          
  72   2          case 3:
  73   2            ROW3 = 0;
  74   2            break;
  75   2          
  76   2          case 4:
  77   2            ROW4 = 0;
  78   2            break;
  79   2          
  80   2          default:
  81   2            break;
  82   2        }
  83   1        
  84   1        if (COL1 == 0) {
  85   2          col  = 1;
  86   2          COL1 = 1;
  87   2        } else if (COL2 == 0) {
  88   2          col  = 2;
  89   2          COL2 = 1;
  90   2        } else if (COL3 == 0) {
  91   2          col  = 3;
  92   2          COL3 = 1;
  93   2        } else if (COL4 == 0) {
  94   2          col  = 4;
  95   2          COL4 = 1;
  96   2        }
  97   1        
  98   1        (ROW1 == 0) ? (ROW1 = 1) : 1;
*** WARNING C275 IN LINE 98 OF main.c: expression with possibly no effect
  99   1        (ROW2 == 0) ? (ROW2 = 1) : 1;
*** WARNING C275 IN LINE 99 OF main.c: expression with possibly no effect
 100   1        (ROW3 == 0) ? (ROW3 = 1) : 1;
*** WARNING C275 IN LINE 100 OF main.c: expression with possibly no effect
 101   1        (ROW4 == 0) ? (ROW4 = 1) : 1;
*** WARNING C275 IN LINE 101 OF main.c: expression with possibly no effect
 102   1        
 103   1        if (col != 0) {
 104   2          return ((row-1)*4 + col);
 105   2        }
 106   1        
 107   1        return 0;
 108   1      }


MODULE INFORMATION:   STATIC OVERLAYABLE
   CODE SIZE        =    202    ----
C51 COMPILER V9.54   MAIN                                                                  01/12/2016 11:33:48 PAGE 3   

   CONSTANT SIZE    =   ----    ----
   XDATA SIZE       =   ----    ----
   PDATA SIZE       =   ----    ----
   DATA SIZE        =     10       4
   IDATA SIZE       =   ----    ----
   BIT SIZE         =      1    ----
END OF MODULE INFORMATION.


C51 COMPILATION COMPLETE.  4 WARNING(S),  0 ERROR(S)
